2020-11-01 00:15:26.086  INFO 101687 --- [scheduling-1] c.m.m.schedule.HotTagSchedule            : The time is Sun Nov 01 00:15:26 CST 2020
2020-11-01 00:16:37.411  INFO 101687 --- [SpringContextShutdownHook] o.s.s.c.ThreadPoolTaskScheduler          : Shutting down ExecutorService 'taskScheduler'
2020-11-01 00:16:37.414  INFO 101687 --- [SpringContextShutdownHook] o.s.s.concurrent.ThreadPoolTaskExecutor  : Shutting down ExecutorService 'applicationTaskExecutor'
2020-11-01 00:24:56.275  INFO 102203 --- [main] c.m.m.MajiangCommunityApplication        : Starting MajiangCommunityApplication v0.0.1-SNAPSHOT on 10-9-117-58 with PID 102203 (/App/majiang-community/target/majiang-community-0.0.1-SNAPSHOT.jar started by root in /App/majiang-community)
2020-11-01 00:24:56.279  INFO 102203 --- [main] c.m.m.MajiangCommunityApplication        : The following profiles are active: prod
2020-11-01 00:24:59.360  INFO 102203 --- [main] o.s.b.w.embedded.tomcat.TomcatWebServer  : Tomcat initialized with port(s): 80 (http)
2020-11-01 00:24:59.398  INFO 102203 --- [main] o.apache.catalina.core.StandardService   : Starting service [Tomcat]
2020-11-01 00:24:59.400  INFO 102203 --- [main] org.apache.catalina.core.StandardEngine  : Starting Servlet engine: [Apache Tomcat/9.0.38]
2020-11-01 00:24:59.563  INFO 102203 --- [main] o.a.c.c.C.[Tomcat].[localhost].[/]       : Initializing Spring embedded WebApplicationContext
2020-11-01 00:24:59.565  INFO 102203 --- [main] w.s.c.ServletWebServerApplicationContext : Root WebApplicationContext: initialization completed in 3140 ms
2020-11-01 00:25:02.023  INFO 102203 --- [main] o.s.s.concurrent.ThreadPoolTaskExecutor  : Initializing ExecutorService 'applicationTaskExecutor'
2020-11-01 00:25:02.229  INFO 102203 --- [main] o.s.b.a.w.s.WelcomePageHandlerMapping    : Adding welcome page template: index
2020-11-01 00:25:02.640  INFO 102203 --- [main] o.f.c.internal.license.VersionPrinter    : Flyway Community Edition 5.2.4 by Boxfuse
2020-11-01 00:25:03.436  INFO 102203 --- [main] o.f.c.internal.database.DatabaseFactory  : Database: jdbc:mysql://10.9.47.186:3306/community (MySQL 5.6)
2020-11-01 00:25:03.673  INFO 102203 --- [main] o.f.core.internal.command.DbValidate     : Successfully validated 11 migrations (execution time 00:00.096s)
2020-11-01 00:25:03.729  INFO 102203 --- [main] o.f.core.internal.command.DbMigrate      : Current version of schema `community`: 7
2020-11-01 00:25:03.734  INFO 102203 --- [main] o.f.core.internal.command.DbMigrate      : Schema `community` is up to date. No migration necessary.
2020-11-01 00:25:03.922  INFO 102203 --- [main] o.s.s.c.ThreadPoolTaskScheduler          : Initializing ExecutorService 'taskScheduler'
2020-11-01 00:25:04.173  INFO 102203 --- [main] o.s.b.w.embedded.tomcat.TomcatWebServer  : Tomcat started on port(s): 80 (http) with context path ''
2020-11-01 00:25:04.215  INFO 102203 --- [main] c.m.m.MajiangCommunityApplication        : Started MajiangCommunityApplication in 9.1 seconds (JVM running for 10.065)
2020-11-01 00:25:04.225  INFO 102203 --- [scheduling-1] c.m.m.schedule.HotTagSchedule            : The time is Sun Nov 01 00:25:04 CST 2020
2020-11-01 00:25:24.745  INFO 102203 --- [http-nio-80-exec-1] o.a.c.c.C.[Tomcat].[localhost].[/]       : Initializing Spring DispatcherServlet 'dispatcherServlet'
2020-11-01 00:25:24.747  INFO 102203 --- [http-nio-80-exec-1] o.s.web.servlet.DispatcherServlet        : Initializing Servlet 'dispatcherServlet'
2020-11-01 00:25:24.786  INFO 102203 --- [http-nio-80-exec-1] o.s.web.servlet.DispatcherServlet        : Completed initialization in 36 ms
2020-11-01 01:25:04.200  INFO 102203 --- [scheduling-1] c.m.m.schedule.HotTagSchedule            : The time is Sun Nov 01 01:25:04 CST 2020
2020-11-01 02:25:04.200  INFO 102203 --- [scheduling-1] c.m.m.schedule.HotTagSchedule            : The time is Sun Nov 01 02:25:04 CST 2020
2020-11-01 03:25:04.200  INFO 102203 --- [scheduling-1] c.m.m.schedule.HotTagSchedule            : The time is Sun Nov 01 03:25:04 CST 2020
2020-11-01 04:25:04.200  INFO 102203 --- [scheduling-1] c.m.m.schedule.HotTagSchedule            : The time is Sun Nov 01 04:25:04 CST 2020
2020-11-01 05:25:04.200  INFO 102203 --- [scheduling-1] c.m.m.schedule.HotTagSchedule            : The time is Sun Nov 01 05:25:04 CST 2020
2020-11-01 06:25:04.200  INFO 102203 --- [scheduling-1] c.m.m.schedule.HotTagSchedule            : The time is Sun Nov 01 06:25:04 CST 2020
2020-11-01 07:25:04.200  INFO 102203 --- [scheduling-1] c.m.m.schedule.HotTagSchedule            : The time is Sun Nov 01 07:25:04 CST 2020
2020-11-01 08:25:04.200  INFO 102203 --- [scheduling-1] c.m.m.schedule.HotTagSchedule            : The time is Sun Nov 01 08:25:04 CST 2020
2020-11-01 09:21:53.860  INFO 102203 --- [http-nio-80-exec-2] o.apache.coyote.http11.Http11Processor   : Error parsing HTTP request header
 Note: further occurrences of HTTP request parsing errors will be logged at DEBUG level.

java.lang.IllegalArgumentException: Invalid character found in the request target [/?a=fetch&content=<php>die(@md5(HelloThinkCMF))</php>]. The valid characters are defined in RFC 7230 and RFC 3986
	at org.apache.coyote.http11.Http11InputBuffer.parseRequestLine(Http11InputBuffer.java:486) ~[tomcat-embed-core-9.0.38.jar!/:9.0.38]
	at org.apache.coyote.http11.Http11Processor.service(Http11Processor.java:261) ~[tomcat-embed-core-9.0.38.jar!/:9.0.38]
	at org.apache.coyote.AbstractProcessorLight.process(AbstractProcessorLight.java:65) [tomcat-embed-core-9.0.38.jar!/:9.0.38]
	at org.apache.coyote.AbstractProtocol$ConnectionHandler.process(AbstractProtocol.java:868) [tomcat-embed-core-9.0.38.jar!/:9.0.38]
	at org.apache.tomcat.util.net.NioEndpoint$SocketProcessor.doRun(NioEndpoint.java:1590) [tomcat-embed-core-9.0.38.jar!/:9.0.38]
	at org.apache.tomcat.util.net.SocketProcessorBase.run(SocketProcessorBase.java:49) [tomcat-embed-core-9.0.38.jar!/:9.0.38]
	at java.util.concurrent.ThreadPoolExecutor.runWorker(ThreadPoolExecutor.java:1149) [na:1.8.0_265]
	at java.util.concurrent.ThreadPoolExecutor$Worker.run(ThreadPoolExecutor.java:624) [na:1.8.0_265]
	at org.apache.tomcat.util.threads.TaskThread$WrappingRunnable.run(TaskThread.java:61) [tomcat-embed-core-9.0.38.jar!/:9.0.38]
	at java.lang.Thread.run(Thread.java:748) [na:1.8.0_265]

2020-11-01 09:25:04.200  INFO 102203 --- [scheduling-1] c.m.m.schedule.HotTagSchedule            : The time is Sun Nov 01 09:25:04 CST 2020
2020-11-01 10:25:04.200  INFO 102203 --- [scheduling-1] c.m.m.schedule.HotTagSchedule            : The time is Sun Nov 01 10:25:04 CST 2020
2020-11-01 11:09:52.046  INFO 102203 --- [SpringContextShutdownHook] o.s.s.c.ThreadPoolTaskScheduler          : Shutting down ExecutorService 'taskScheduler'
2020-11-01 11:09:52.050  INFO 102203 --- [SpringContextShutdownHook] o.s.s.concurrent.ThreadPoolTaskExecutor  : Shutting down ExecutorService 'applicationTaskExecutor'
2020-11-01 11:11:58.110  INFO 104458 --- [main] c.m.m.MajiangCommunityApplication        : Starting MajiangCommunityApplication v0.0.1-SNAPSHOT on 10-9-117-58 with PID 104458 (/App/majiang-community/target/majiang-community-0.0.1-SNAPSHOT.jar started by root in /App/majiang-community)
2020-11-01 11:11:58.113  INFO 104458 --- [main] c.m.m.MajiangCommunityApplication        : No active profile set, falling back to default profiles: default
2020-11-01 11:12:01.132  INFO 104458 --- [main] o.s.b.w.embedded.tomcat.TomcatWebServer  : Tomcat initialized with port(s): 8080 (http)
2020-11-01 11:12:01.178  INFO 104458 --- [main] o.apache.catalina.core.StandardService   : Starting service [Tomcat]
2020-11-01 11:12:01.178  INFO 104458 --- [main] org.apache.catalina.core.StandardEngine  : Starting Servlet engine: [Apache Tomcat/9.0.38]
2020-11-01 11:12:01.320  INFO 104458 --- [main] o.a.c.c.C.[Tomcat].[localhost].[/]       : Initializing Spring embedded WebApplicationContext
2020-11-01 11:12:01.321  INFO 104458 --- [main] w.s.c.ServletWebServerApplicationContext : Root WebApplicationContext: initialization completed in 3055 ms
2020-11-01 11:12:03.774  INFO 104458 --- [main] o.s.s.concurrent.ThreadPoolTaskExecutor  : Initializing ExecutorService 'applicationTaskExecutor'
2020-11-01 11:12:03.986  INFO 104458 --- [main] o.s.b.a.w.s.WelcomePageHandlerMapping    : Adding welcome page template: index
2020-11-01 11:12:04.390  INFO 104458 --- [main] o.f.c.internal.license.VersionPrinter    : Flyway Community Edition 5.2.4 by Boxfuse
2020-11-01 11:12:04.937  WARN 104458 --- [main] ConfigServletWebServerApplicationContext : Exception encountered during context initialization - cancelling refresh attempt: org.springframework.beans.factory.BeanCreationException: Error creating bean with name 'flywayInitializer' defined in class path resource [org/springframework/boot/autoconfigure/flyway/FlywayAutoConfiguration$FlywayConfiguration.class]: Invocation of init method failed; nested exception is org.flywaydb.core.internal.exception.FlywaySqlException: 
Unable to obtain connection from database: Communications link failure

The last packet sent successfully to the server was 0 milliseconds ago. The driver has not received any packets from the server.
--------------------------------------------------------------------------------------------------------------------------------------------------------------------------------------------------------
SQL State  : 08S01
Error Code : 0
Message    : Communications link failure

The last packet sent successfully to the server was 0 milliseconds ago. The driver has not received any packets from the server.

2020-11-01 11:12:04.938  INFO 104458 --- [main] o.s.s.concurrent.ThreadPoolTaskExecutor  : Shutting down ExecutorService 'applicationTaskExecutor'
2020-11-01 11:12:04.944  INFO 104458 --- [main] o.apache.catalina.core.StandardService   : Stopping service [Tomcat]
2020-11-01 11:12:04.959  INFO 104458 --- [main] ConditionEvaluationReportLoggingListener : 

Error starting ApplicationContext. To display the conditions report re-run your application with 'debug' enabled.
2020-11-01 11:12:04.978 ERROR 104458 --- [main] o.s.boot.SpringApplication               : Application run failed

org.springframework.beans.factory.BeanCreationException: Error creating bean with name 'flywayInitializer' defined in class path resource [org/springframework/boot/autoconfigure/flyway/FlywayAutoConfiguration$FlywayConfiguration.class]: Invocation of init method failed; nested exception is org.flywaydb.core.internal.exception.FlywaySqlException: 
Unable to obtain connection from database: Communications link failure

The last packet sent successfully to the server was 0 milliseconds ago. The driver has not received any packets from the server.
--------------------------------------------------------------------------------------------------------------------------------------------------------------------------------------------------------
SQL State  : 08S01
Error Code : 0
Message    : Communications link failure

The last packet sent successfully to the server was 0 milliseconds ago. The driver has not received any packets from the server.

	at org.springframework.beans.factory.support.AbstractAutowireCapableBeanFactory.initializeBean(AbstractAutowireCapableBeanFactory.java:1794) ~[spring-beans-5.2.9.RELEASE.jar!/:5.2.9.RELEASE]
	at org.springframework.beans.factory.support.AbstractAutowireCapableBeanFactory.doCreateBean(AbstractAutowireCapableBeanFactory.java:594) ~[spring-beans-5.2.9.RELEASE.jar!/:5.2.9.RELEASE]
	at org.springframework.beans.factory.support.AbstractAutowireCapableBeanFactory.createBean(AbstractAutowireCapableBeanFactory.java:516) ~[spring-beans-5.2.9.RELEASE.jar!/:5.2.9.RELEASE]
	at org.springframework.beans.factory.support.AbstractBeanFactory.lambda$doGetBean$0(AbstractBeanFactory.java:324) ~[spring-beans-5.2.9.RELEASE.jar!/:5.2.9.RELEASE]
	at org.springframework.beans.factory.support.DefaultSingletonBeanRegistry.getSingleton(DefaultSingletonBeanRegistry.java:234) ~[spring-beans-5.2.9.RELEASE.jar!/:5.2.9.RELEASE]
	at org.springframework.beans.factory.support.AbstractBeanFactory.doGetBean(AbstractBeanFactory.java:322) ~[spring-beans-5.2.9.RELEASE.jar!/:5.2.9.RELEASE]
	at org.springframework.beans.factory.support.AbstractBeanFactory.getBean(AbstractBeanFactory.java:202) ~[spring-beans-5.2.9.RELEASE.jar!/:5.2.9.RELEASE]
	at org.springframework.beans.factory.support.AbstractBeanFactory.doGetBean(AbstractBeanFactory.java:311) ~[spring-beans-5.2.9.RELEASE.jar!/:5.2.9.RELEASE]
	at org.springframework.beans.factory.support.AbstractBeanFactory.getBean(AbstractBeanFactory.java:202) ~[spring-beans-5.2.9.RELEASE.jar!/:5.2.9.RELEASE]
	at org.springframework.beans.factory.support.DefaultListableBeanFactory.preInstantiateSingletons(DefaultListableBeanFactory.java:897) ~[spring-beans-5.2.9.RELEASE.jar!/:5.2.9.RELEASE]
	at org.springframework.context.support.AbstractApplicationContext.finishBeanFactoryInitialization(AbstractApplicationContext.java:879) ~[spring-context-5.2.9.RELEASE.jar!/:5.2.9.RELEASE]
	at org.springframework.context.support.AbstractApplicationContext.refresh(AbstractApplicationContext.java:551) ~[spring-context-5.2.9.RELEASE.jar!/:5.2.9.RELEASE]
	at org.springframework.boot.web.servlet.context.ServletWebServerApplicationContext.refresh(ServletWebServerApplicationContext.java:143) ~[spring-boot-2.3.4.RELEASE.jar!/:2.3.4.RELEASE]
	at org.springframework.boot.SpringApplication.refresh(SpringApplication.java:758) [spring-boot-2.3.4.RELEASE.jar!/:2.3.4.RELEASE]
	at org.springframework.boot.SpringApplication.refresh(SpringApplication.java:750) [spring-boot-2.3.4.RELEASE.jar!/:2.3.4.RELEASE]
	at org.springframework.boot.SpringApplication.refreshContext(SpringApplication.java:397) [spring-boot-2.3.4.RELEASE.jar!/:2.3.4.RELEASE]
	at org.springframework.boot.SpringApplication.run(SpringApplication.java:315) [spring-boot-2.3.4.RELEASE.jar!/:2.3.4.RELEASE]
	at org.springframework.boot.SpringApplication.run(SpringApplication.java:1237) [spring-boot-2.3.4.RELEASE.jar!/:2.3.4.RELEASE]
	at org.springframework.boot.SpringApplication.run(SpringApplication.java:1226) [spring-boot-2.3.4.RELEASE.jar!/:2.3.4.RELEASE]
	at co.mawen.majiangcommunity.MajiangCommunityApplication.main(MajiangCommunityApplication.java:14) [classes!/:0.0.1-SNAPSHOT]
	at sun.reflect.NativeMethodAccessorImpl.invoke0(Native Method) ~[na:1.8.0_271]
	at sun.reflect.NativeMethodAccessorImpl.invoke(NativeMethodAccessorImpl.java:62) ~[na:1.8.0_271]
	at sun.reflect.DelegatingMethodAccessorImpl.invoke(DelegatingMethodAccessorImpl.java:43) ~[na:1.8.0_271]
	at java.lang.reflect.Method.invoke(Method.java:498) ~[na:1.8.0_271]
	at org.springframework.boot.loader.MainMethodRunner.run(MainMethodRunner.java:49) [majiang-community-0.0.1-SNAPSHOT.jar:0.0.1-SNAPSHOT]
	at org.springframework.boot.loader.Launcher.launch(Launcher.java:107) [majiang-community-0.0.1-SNAPSHOT.jar:0.0.1-SNAPSHOT]
	at org.springframework.boot.loader.Launcher.launch(Launcher.java:58) [majiang-community-0.0.1-SNAPSHOT.jar:0.0.1-SNAPSHOT]
	at org.springframework.boot.loader.JarLauncher.main(JarLauncher.java:88) [majiang-community-0.0.1-SNAPSHOT.jar:0.0.1-SNAPSHOT]
Caused by: org.flywaydb.core.internal.exception.FlywaySqlException: 
Unable to obtain connection from database: Communications link failure

The last packet sent successfully to the server was 0 milliseconds ago. The driver has not received any packets from the server.
--------------------------------------------------------------------------------------------------------------------------------------------------------------------------------------------------------
SQL State  : 08S01
Error Code : 0
Message    : Communications link failure

The last packet sent successfully to the server was 0 milliseconds ago. The driver has not received any packets from the server.

	at org.flywaydb.core.internal.jdbc.JdbcUtils.openConnection(JdbcUtils.java:60) ~[flyway-core-5.2.4.jar!/:na]
	at org.flywaydb.core.internal.database.DatabaseFactory.createDatabase(DatabaseFactory.java:72) ~[flyway-core-5.2.4.jar!/:na]
	at org.flywaydb.core.Flyway.execute(Flyway.java:1670) ~[flyway-core-5.2.4.jar!/:na]
	at org.flywaydb.core.Flyway.migrate(Flyway.java:1356) ~[flyway-core-5.2.4.jar!/:na]
	at org.springframework.boot.autoconfigure.flyway.FlywayMigrationInitializer.afterPropertiesSet(FlywayMigrationInitializer.java:65) ~[spring-boot-autoconfigure-2.3.4.RELEASE.jar!/:2.3.4.RELEASE]
	at org.springframework.beans.factory.support.AbstractAutowireCapableBeanFactory.invokeInitMethods(AbstractAutowireCapableBeanFactory.java:1853) ~[spring-beans-5.2.9.RELEASE.jar!/:5.2.9.RELEASE]
	at org.springframework.beans.factory.support.AbstractAutowireCapableBeanFactory.initializeBean(AbstractAutowireCapableBeanFactory.java:1790) ~[spring-beans-5.2.9.RELEASE.jar!/:5.2.9.RELEASE]
	... 27 common frames omitted
Caused by: com.mysql.cj.jdbc.exceptions.CommunicationsException: Communications link failure

The last packet sent successfully to the server was 0 milliseconds ago. The driver has not received any packets from the server.
	at com.mysql.cj.jdbc.exceptions.SQLError.createCommunicationsException(SQLError.java:174) ~[mysql-connector-java-8.0.21.jar!/:8.0.21]
	at com.mysql.cj.jdbc.exceptions.SQLExceptionsMapping.translateException(SQLExceptionsMapping.java:64) ~[mysql-connector-java-8.0.21.jar!/:8.0.21]
	at com.mysql.cj.jdbc.ConnectionImpl.createNewIO(ConnectionImpl.java:836) ~[mysql-connector-java-8.0.21.jar!/:8.0.21]
	at com.mysql.cj.jdbc.ConnectionImpl.<init>(ConnectionImpl.java:456) ~[mysql-connector-java-8.0.21.jar!/:8.0.21]
	at com.mysql.cj.jdbc.ConnectionImpl.getInstance(ConnectionImpl.java:246) ~[mysql-connector-java-8.0.21.jar!/:8.0.21]
	at com.mysql.cj.jdbc.NonRegisteringDriver.connect(NonRegisteringDriver.java:197) ~[mysql-connector-java-8.0.21.jar!/:8.0.21]
	at com.alibaba.druid.filter.FilterChainImpl.connection_connect(FilterChainImpl.java:148) ~[druid-1.0.9.jar!/:1.0.9]
	at com.alibaba.druid.filter.FilterAdapter.connection_connect(FilterAdapter.java:785) ~[druid-1.0.9.jar!/:1.0.9]
	at com.alibaba.druid.filter.FilterEventAdapter.connection_connect(FilterEventAdapter.java:38) ~[druid-1.0.9.jar!/:1.0.9]
	at com.alibaba.druid.filter.FilterChainImpl.connection_connect(FilterChainImpl.java:142) ~[druid-1.0.9.jar!/:1.0.9]
	at com.alibaba.druid.filter.FilterAdapter.connection_connect(FilterAdapter.java:785) ~[druid-1.0.9.jar!/:1.0.9]
	at com.alibaba.druid.filter.FilterChainImpl.connection_connect(FilterChainImpl.java:142) ~[druid-1.0.9.jar!/:1.0.9]
	at com.alibaba.druid.filter.stat.StatFilter.connection_connect(StatFilter.java:211) ~[druid-1.0.9.jar!/:1.0.9]
	at com.alibaba.druid.filter.FilterChainImpl.connection_connect(FilterChainImpl.java:142) ~[druid-1.0.9.jar!/:1.0.9]
	at com.alibaba.druid.pool.DruidAbstractDataSource.createPhysicalConnection(DruidAbstractDataSource.java:1377) ~[druid-1.0.9.jar!/:1.0.9]
	at com.alibaba.druid.pool.DruidAbstractDataSource.createPhysicalConnection(DruidAbstractDataSource.java:1431) ~[druid-1.0.9.jar!/:1.0.9]
	at com.alibaba.druid.pool.DruidDataSource.init(DruidDataSource.java:618) ~[druid-1.0.9.jar!/:1.0.9]
	at com.alibaba.druid.pool.DruidDataSource.getConnection(DruidDataSource.java:915) ~[druid-1.0.9.jar!/:1.0.9]
	at com.alibaba.druid.pool.DruidDataSource.getConnection(DruidDataSource.java:911) ~[druid-1.0.9.jar!/:1.0.9]
	at com.alibaba.druid.pool.DruidDataSource.getConnection(DruidDataSource.java:98) ~[druid-1.0.9.jar!/:1.0.9]
	at org.flywaydb.core.internal.jdbc.JdbcUtils.openConnection(JdbcUtils.java:56) ~[flyway-core-5.2.4.jar!/:na]
	... 33 common frames omitted
Caused by: com.mysql.cj.exceptions.CJCommunicationsException: Communications link failure

The last packet sent successfully to the server was 0 milliseconds ago. The driver has not received any packets from the server.
	at sun.reflect.NativeConstructorAccessorImpl.newInstance0(Native Method) ~[na:1.8.0_271]
	at sun.reflect.NativeConstructorAccessorImpl.newInstance(NativeConstructorAccessorImpl.java:62) ~[na:1.8.0_271]
	at sun.reflect.DelegatingConstructorAccessorImpl.newInstance(DelegatingConstructorAccessorImpl.java:45) ~[na:1.8.0_271]
	at java.lang.reflect.Constructor.newInstance(Constructor.java:423) ~[na:1.8.0_271]
	at com.mysql.cj.exceptions.ExceptionFactory.createException(ExceptionFactory.java:61) ~[mysql-connector-java-8.0.21.jar!/:8.0.21]
	at com.mysql.cj.exceptions.ExceptionFactory.createException(ExceptionFactory.java:105) ~[mysql-connector-java-8.0.21.jar!/:8.0.21]
	at com.mysql.cj.exceptions.ExceptionFactory.createException(ExceptionFactory.java:151) ~[mysql-connector-java-8.0.21.jar!/:8.0.21]
	at com.mysql.cj.exceptions.ExceptionFactory.createCommunicationsException(ExceptionFactory.java:167) ~[mysql-connector-java-8.0.21.jar!/:8.0.21]
	at com.mysql.cj.protocol.a.NativeSocketConnection.connect(NativeSocketConnection.java:91) ~[mysql-connector-java-8.0.21.jar!/:8.0.21]
	at com.mysql.cj.NativeSession.connect(NativeSession.java:144) ~[mysql-connector-java-8.0.21.jar!/:8.0.21]
	at com.mysql.cj.jdbc.ConnectionImpl.connectOneTryOnly(ConnectionImpl.java:956) ~[mysql-connector-java-8.0.21.jar!/:8.0.21]
	at com.mysql.cj.jdbc.ConnectionImpl.createNewIO(ConnectionImpl.java:826) ~[mysql-connector-java-8.0.21.jar!/:8.0.21]
	... 51 common frames omitted
Caused by: java.net.ConnectException: Connection refused (Connection refused)
	at java.net.PlainSocketImpl.socketConnect(Native Method) ~[na:1.8.0_271]
	at java.net.AbstractPlainSocketImpl.doConnect(AbstractPlainSocketImpl.java:476) ~[na:1.8.0_271]
	at java.net.AbstractPlainSocketImpl.connectToAddress(AbstractPlainSocketImpl.java:218) ~[na:1.8.0_271]
	at java.net.AbstractPlainSocketImpl.connect(AbstractPlainSocketImpl.java:200) ~[na:1.8.0_271]
	at java.net.SocksSocketImpl.connect(SocksSocketImpl.java:394) ~[na:1.8.0_271]
	at java.net.Socket.connect(Socket.java:606) ~[na:1.8.0_271]
	at com.mysql.cj.protocol.StandardSocketFactory.connect(StandardSocketFactory.java:155) ~[mysql-connector-java-8.0.21.jar!/:8.0.21]
	at com.mysql.cj.protocol.a.NativeSocketConnection.connect(NativeSocketConnection.java:65) ~[mysql-connector-java-8.0.21.jar!/:8.0.21]
	... 54 common frames omitted

2020-11-01 11:14:44.293  INFO 104555 --- [main] c.m.m.MajiangCommunityApplication        : Starting MajiangCommunityApplication v0.0.1-SNAPSHOT on 10-9-117-58 with PID 104555 (/App/majiang-community/target/majiang-community-0.0.1-SNAPSHOT.jar started by root in /App/majiang-community)
2020-11-01 11:14:44.310  INFO 104555 --- [main] c.m.m.MajiangCommunityApplication        : The following profiles are active: prod
2020-11-01 11:14:47.447  INFO 104555 --- [main] o.s.b.w.embedded.tomcat.TomcatWebServer  : Tomcat initialized with port(s): 80 (http)
2020-11-01 11:14:47.471  INFO 104555 --- [main] o.apache.catalina.core.StandardService   : Starting service [Tomcat]
2020-11-01 11:14:47.471  INFO 104555 --- [main] org.apache.catalina.core.StandardEngine  : Starting Servlet engine: [Apache Tomcat/9.0.38]
2020-11-01 11:14:47.616  INFO 104555 --- [main] o.a.c.c.C.[Tomcat].[localhost].[/]       : Initializing Spring embedded WebApplicationContext
2020-11-01 11:14:47.616  INFO 104555 --- [main] w.s.c.ServletWebServerApplicationContext : Root WebApplicationContext: initialization completed in 3167 ms
2020-11-01 11:14:49.973  INFO 104555 --- [main] o.s.s.concurrent.ThreadPoolTaskExecutor  : Initializing ExecutorService 'applicationTaskExecutor'
2020-11-01 11:14:50.180  INFO 104555 --- [main] o.s.b.a.w.s.WelcomePageHandlerMapping    : Adding welcome page template: index
2020-11-01 11:14:50.588  INFO 104555 --- [main] o.f.c.internal.license.VersionPrinter    : Flyway Community Edition 5.2.4 by Boxfuse
2020-11-01 11:14:51.626  INFO 104555 --- [main] o.f.c.internal.database.DatabaseFactory  : Database: jdbc:mysql://10.9.47.186:3306/community (MySQL 5.6)
2020-11-01 11:14:51.955  INFO 104555 --- [main] o.f.core.internal.command.DbValidate     : Successfully validated 11 migrations (execution time 00:00.117s)
2020-11-01 11:14:52.016  INFO 104555 --- [main] o.f.core.internal.command.DbMigrate      : Current version of schema `community`: 7
2020-11-01 11:14:52.021  INFO 104555 --- [main] o.f.core.internal.command.DbMigrate      : Schema `community` is up to date. No migration necessary.
2020-11-01 11:14:52.201  INFO 104555 --- [main] o.s.s.c.ThreadPoolTaskScheduler          : Initializing ExecutorService 'taskScheduler'
2020-11-01 11:14:52.428  INFO 104555 --- [main] o.s.b.w.embedded.tomcat.TomcatWebServer  : Tomcat started on port(s): 80 (http) with context path ''
2020-11-01 11:14:52.468  INFO 104555 --- [main] c.m.m.MajiangCommunityApplication        : Started MajiangCommunityApplication in 9.332 seconds (JVM running for 10.414)
2020-11-01 11:14:52.476  INFO 104555 --- [scheduling-1] c.m.m.schedule.HotTagSchedule            : The time is Sun Nov 01 11:14:52 CST 2020
2020-11-01 11:15:18.860  INFO 104555 --- [http-nio-80-exec-1] o.a.c.c.C.[Tomcat].[localhost].[/]       : Initializing Spring DispatcherServlet 'dispatcherServlet'
2020-11-01 11:15:18.860  INFO 104555 --- [http-nio-80-exec-1] o.s.web.servlet.DispatcherServlet        : Initializing Servlet 'dispatcherServlet'
2020-11-01 11:15:18.897  INFO 104555 --- [http-nio-80-exec-1] o.s.web.servlet.DispatcherServlet        : Completed initialization in 37 ms
2020-11-01 11:18:01.955  INFO 104555 --- [SpringContextShutdownHook] o.s.s.c.ThreadPoolTaskScheduler          : Shutting down ExecutorService 'taskScheduler'
2020-11-01 11:18:01.955  INFO 104555 --- [SpringContextShutdownHook] o.s.s.concurrent.ThreadPoolTaskExecutor  : Shutting down ExecutorService 'applicationTaskExecutor'
